Arguments: 
  /usr/local/bin/node /usr/share/yarn/bin/yarn.js start

PATH: 
  /home/rhany/bin:/home/rhany/.local/bin:/opt/maven/bin:/home/rhany/bin:/home/rhany/.local/bin:/opt/maven/bin:/usr/local/sbin:/usr/local/bin:/usr/sbin:/usr/bin:/sbin:/bin:/usr/games:/usr/local/games

Yarn version: 
  1.17.3

Node version: 
  8.16.0

Platform: 
  linux x64

Trace: 
  SyntaxError: /home/rhany/workspace/Reggaexp/package.json: Unexpected token n in JSON at position 173
      at JSON.parse (<anonymous>)
      at /usr/share/yarn/lib/cli.js:1625:59
      at Generator.next (<anonymous>)
      at step (/usr/share/yarn/lib/cli.js:304:30)
      at /usr/share/yarn/lib/cli.js:315:13
      at <anonymous>

npm manifest: 
  {
    "name": "a",
    "version": "1.0.0",
    "main": "index.js",
    "author": "rhanys",
    "license": "MIT",
    "scripts": {
      "start": "\"./node_modules/.bin/eslint index.js\" "node index.js\""
    },
    "devDependencies": {
      "eslint": "^6.4.0",
      "eslint-config-google": "^0.14.0"
    }
  }

yarn manifest: 
  No manifest

Lockfile: 
  No lockfile
